TN:
SF:src/App.tsx
FN:55,(anonymous_0)
FN:61,(anonymous_1)
FN:62,(anonymous_2)
FN:71,(anonymous_3)
FN:97,(anonymous_4)
FN:162,(anonymous_5)
FN:166,(anonymous_6)
FN:170,(anonymous_7)
FN:174,(anonymous_8)
FN:207,(anonymous_9)
FN:228,(anonymous_10)
FN:234,(anonymous_11)
FN:240,(anonymous_12)
FN:245,(anonymous_13)
FNF:14
FNH:10
FNDA:1,(anonymous_0)
FNDA:1,(anonymous_1)
FNDA:1,(anonymous_2)
FNDA:3,(anonymous_3)
FNDA:16,(anonymous_4)
FNDA:1,(anonymous_5)
FNDA:0,(anonymous_6)
FNDA:5,(anonymous_7)
FNDA:5,(anonymous_8)
FNDA:1,(anonymous_9)
FNDA:0,(anonymous_10)
FNDA:0,(anonymous_11)
FNDA:0,(anonymous_12)
FNDA:16,(anonymous_13)
DA:55,1
DA:56,1
DA:61,1
DA:62,1
DA:63,1
DA:66,1
DA:71,1
DA:72,3
DA:74,3
DA:75,1
DA:78,2
DA:79,2
DA:83,2
DA:84,1
DA:87,1
DA:89,1
DA:110,16
DA:112,16
DA:113,2
DA:116,14
DA:151,5
DA:162,1
DA:163,1
DA:166,0
DA:167,0
DA:171,5
DA:174,5
DA:175,5
DA:176,5
DA:178,5
DA:180,5
DA:181,5
DA:182,2
DA:186,0
DA:193,0
DA:196,3
DA:197,3
DA:201,2
DA:202,1
DA:205,1
DA:206,1
DA:207,1
DA:210,1
DA:218,3
DA:219,3
DA:228,0
DA:229,0
DA:230,0
DA:234,0
DA:235,0
DA:236,0
DA:240,0
DA:241,0
DA:242,0
DA:246,16
DA:248,16
LF:56
LH:43
BRDA:66,0,0,1
BRDA:66,0,1,0
BRDA:74,1,0,1
BRDA:74,1,1,2
BRDA:83,2,0,1
BRDA:83,2,1,1
BRDA:112,3,0,2
BRDA:112,3,1,14
BRDA:127,4,0,14
BRDA:127,4,1,9
BRDA:127,4,2,6
BRDA:127,4,3,1
BRDA:155,5,0,5
BRDA:155,5,1,3
BRDA:174,6,0,5
BRDA:181,7,0,2
BRDA:181,7,1,3
BRDA:201,8,0,1
BRDA:201,8,1,1
BRDA:218,9,0,3
BRDA:218,9,1,0
BRDA:229,10,0,0
BRDA:229,10,1,0
BRDA:235,11,0,0
BRDA:235,11,1,0
BRF:25
BRH:19
end_of_record
TN:
SF:src/test-utils.tsx
FN:4,(anonymous_0)
FN:8,(anonymous_1)
FNF:2
FNH:2
FNDA:6,(anonymous_0)
FNDA:5,(anonymous_1)
DA:4,1
DA:5,6
DA:8,5
LF:3
LH:3
BRDA:8,0,0,5
BRF:1
BRH:1
end_of_record
TN:
SF:src/components/Card.tsx
FN:5,(anonymous_0)
FNF:1
FNH:1
FNDA:1,(anonymous_0)
DA:6,1
DA:7,1
DA:8,1
DA:10,1
LF:4
LH:4
BRF:0
BRH:0
end_of_record
TN:
SF:src/components/CardList.tsx
FN:13,(anonymous_0)
FN:33,(anonymous_1)
FNF:2
FNH:2
FNDA:14,(anonymous_0)
FNDA:1,(anonymous_1)
DA:14,14
DA:16,14
DA:18,9
DA:19,3
DA:27,6
DA:28,5
DA:31,1
DA:34,1
LF:8
LH:8
BRDA:16,0,0,5
BRDA:16,0,1,9
BRDA:18,1,0,3
BRDA:18,1,1,6
BRDA:27,2,0,5
BRDA:27,2,1,1
BRF:6
BRH:6
end_of_record
TN:
SF:src/components/ErrorBoundary.tsx
FN:15,(anonymous_0)
FN:23,(anonymous_1)
FN:27,(anonymous_2)
FN:31,(anonymous_3)
FN:36,(anonymous_4)
FNF:5
FNH:4
FNDA:6,(anonymous_0)
FNDA:5,(anonymous_1)
FNDA:1,(anonymous_2)
FNDA:0,(anonymous_3)
FNDA:18,(anonymous_4)
DA:16,6
DA:17,6
DA:24,2
DA:28,1
DA:31,0
DA:32,0
DA:33,0
DA:37,18
DA:38,2
DA:47,16
LF:10
LH:7
BRDA:37,0,0,2
BRDA:37,0,1,16
BRF:2
BRH:2
end_of_record
TN:
SF:src/components/Header.tsx
FN:4,(anonymous_0)
FNF:1
FNH:1
FNDA:14,(anonymous_0)
DA:5,14
LF:1
LH:1
BRF:0
BRH:0
end_of_record
TN:
SF:src/components/Search.tsx
FN:12,(anonymous_0)
FN:21,(anonymous_1)
FN:23,(anonymous_2)
FN:27,(anonymous_3)
FN:39,(anonymous_4)
FN:45,(anonymous_5)
FNF:6
FNH:3
FNDA:5,(anonymous_0)
FNDA:5,(anonymous_1)
FNDA:0,(anonymous_2)
FNDA:0,(anonymous_3)
FNDA:0,(anonymous_4)
FNDA:14,(anonymous_5)
DA:13,5
DA:15,5
DA:16,5
DA:23,0
DA:24,0
DA:27,0
DA:28,0
DA:30,0
DA:31,0
DA:32,0
DA:35,0
DA:36,0
DA:39,0
DA:40,0
DA:41,0
DA:46,14
LF:16
LH:4
BRDA:15,0,0,5
BRDA:15,0,1,3
BRDA:30,1,0,0
BRDA:30,1,1,0
BRDA:31,2,0,0
BRDA:31,2,1,0
BRDA:31,3,0,0
BRDA:31,3,1,0
BRDA:40,4,0,0
BRDA:40,4,1,0
BRF:10
BRH:2
end_of_record
TN:
SF:src/components/Spinner.tsx
FN:4,(anonymous_0)
FNF:1
FNH:1
FNDA:5,(anonymous_0)
DA:5,5
LF:1
LH:1
BRF:0
BRH:0
end_of_record
